<?xml version="1.0" encoding="UTF-8"?>
<!-- Generated by org.testng.reporters.JUnitXMLReporter -->
<testsuite hostname="Abhresh" name="Maven_Selenium_Test" tests="8" failures="0" timestamp="11 Sep 2018 12:12:29 GMT" time="25.639" errors="0">
  <testcase name="openApp" time="11.589" classname="Testing.Scenario"/>
  <testcase name="Login" time="7.569" classname="Testing.Scenario"/>
  <testcase name="Logout" time="6.453" classname="Testing.Scenario"/>
  <testcase name="Sugandh" time="0.0" classname="Testing.Scenario2"/>
  <testcase name="Kanika" time="0.0" classname="Testing.Scenario2"/>
  <testcase name="Thrishna" time="0.0" classname="Testing.Scenario2"/>
  <testcase name="Tai" time="0.0" classname="Testing.Scenario2"/>
  <testcase name="Madhava" time="0.001" classname="Testing.Scenario2"/>
</testsuite> <!-- Maven_Selenium_Test -->
