<?xml version="1.0" encoding="UTF-8"?>
<testng-results skipped="0" failed="0" total="3" passed="3">
  <reporter-output>
  </reporter-output>
  <suite name="Maven_Selenium" duration-ms="24659" started-at="2018-09-10T12:00:58Z" finished-at="2018-09-10T12:01:22Z">
    <groups>
    </groups>
    <test name="Maven_Selenium_Test" duration-ms="24659" started-at="2018-09-10T12:00:58Z" finished-at="2018-09-10T12:01:22Z">
      <class name="Testing.Scenario">
        <test-method status="PASS" signature="openApp()[pri:0, instance:Testing.Scenario@5d624da6]" name="openApp" duration-ms="9557" started-at="2018-09-10T17:30:58Z" finished-at="2018-09-10T17:31:07Z">
          <reporter-output>
          </reporter-output>
        </test-method> <!-- openApp -->
        <test-method status="PASS" signature="Login()[pri:0, instance:Testing.Scenario@5d624da6]" name="Login" duration-ms="8254" started-at="2018-09-10T17:31:07Z" depends-on-methods="Testing.Scenario.openApp" finished-at="2018-09-10T17:31:16Z">
          <reporter-output>
          </reporter-output>
        </test-method> <!-- Login -->
        <test-method status="PASS" signature="Logout()[pri:0, instance:Testing.Scenario@5d624da6]" name="Logout" duration-ms="6828" started-at="2018-09-10T17:31:16Z" depends-on-methods="Testing.Scenario.Login" finished-at="2018-09-10T17:31:22Z">
          <reporter-output>
          </reporter-output>
        </test-method> <!-- Logout -->
      </class> <!-- Testing.Scenario -->
    </test> <!-- Maven_Selenium_Test -->
  </suite> <!-- Maven_Selenium -->
</testng-results>
