<?xml version="1.0" encoding="UTF-8"?>
<testng-results skipped="0" failed="0" total="8" passed="8">
  <reporter-output>
  </reporter-output>
  <suite name="Maven_Selenium" duration-ms="25639" started-at="2018-09-11T12:12:03Z" finished-at="2018-09-11T12:12:29Z">
    <groups>
    </groups>
    <test name="Maven_Selenium_Test" duration-ms="25639" started-at="2018-09-11T12:12:03Z" finished-at="2018-09-11T12:12:29Z">
      <class name="Testing.Scenario">
        <test-method status="PASS" signature="openApp()[pri:0, instance:Testing.Scenario@6615435c]" name="openApp" duration-ms="11589" started-at="2018-09-11T17:42:03Z" finished-at="2018-09-11T17:42:15Z">
          <reporter-output>
          </reporter-output>
        </test-method> <!-- openApp -->
        <test-method status="PASS" signature="Login()[pri:0, instance:Testing.Scenario@6615435c]" name="Login" duration-ms="7569" started-at="2018-09-11T17:42:15Z" depends-on-methods="Testing.Scenario.openApp" finished-at="2018-09-11T17:42:22Z">
          <reporter-output>
          </reporter-output>
        </test-method> <!-- Login -->
        <test-method status="PASS" signature="Logout()[pri:0, instance:Testing.Scenario@6615435c]" name="Logout" duration-ms="6453" started-at="2018-09-11T17:42:22Z" depends-on-methods="Testing.Scenario.Login" finished-at="2018-09-11T17:42:29Z">
          <reporter-output>
          </reporter-output>
        </test-method> <!-- Logout -->
      </class> <!-- Testing.Scenario -->
      <class name="Testing.Scenario2">
        <test-method status="PASS" signature="Sugandh()[pri:0, instance:Testing.Scenario2@5315b42e]" name="Sugandh" duration-ms="0" started-at="2018-09-11T17:42:29Z" finished-at="2018-09-11T17:42:29Z">
          <reporter-output>
          </reporter-output>
        </test-method> <!-- Sugandh -->
        <test-method status="PASS" signature="Kanika()[pri:0, instance:Testing.Scenario2@5315b42e]" name="Kanika" duration-ms="0" started-at="2018-09-11T17:42:29Z" finished-at="2018-09-11T17:42:29Z">
          <reporter-output>
          </reporter-output>
        </test-method> <!-- Kanika -->
        <test-method status="PASS" signature="Thrishna()[pri:0, instance:Testing.Scenario2@5315b42e]" name="Thrishna" duration-ms="0" started-at="2018-09-11T17:42:29Z" finished-at="2018-09-11T17:42:29Z">
          <reporter-output>
          </reporter-output>
        </test-method> <!-- Thrishna -->
        <test-method status="PASS" signature="Madhava()[pri:0, instance:Testing.Scenario2@5315b42e]" name="Madhava" duration-ms="1" started-at="2018-09-11T17:42:29Z" finished-at="2018-09-11T17:42:29Z">
          <reporter-output>
          </reporter-output>
        </test-method> <!-- Madhava -->
        <test-method status="PASS" signature="Tai()[pri:0, instance:Testing.Scenario2@5315b42e]" name="Tai" duration-ms="0" started-at="2018-09-11T17:42:29Z" finished-at="2018-09-11T17:42:29Z">
          <reporter-output>
          </reporter-output>
        </test-method> <!-- Tai -->
      </class> <!-- Testing.Scenario2 -->
    </test> <!-- Maven_Selenium_Test -->
  </suite> <!-- Maven_Selenium -->
</testng-results>
