<?xml version="1.0" encoding="UTF-8"?>
<!-- Generated by org.testng.reporters.JUnitXMLReporter -->
<testsuite hostname="Abhresh" name="Maven_Selenium_Test" tests="9" failures="0" timestamp="15 Aug 2018 08:52:24 GMT" time="0.316" errors="0">
  <testcase name="TC1" time="0.056" classname="Testing.Scenario2"/>
  <testcase name="TC2" time="0.012" classname="Testing.Scenario2"/>
  <testcase name="TC3" time="0.004" classname="Testing.Scenario2"/>
  <testcase name="TC4" time="0.012" classname="Testing.Scenario2"/>
  <testcase name="TC5" time="0.008" classname="Testing.Scenario2"/>
  <testcase name="TC6" time="0.008" classname="Testing.Scenario2"/>
  <testcase name="TC7" time="0.004" classname="Testing.Scenario2"/>
  <testcase name="TC8" time="0.008" classname="Testing.Scenario2"/>
  <testcase name="TC9" time="0.004" classname="Testing.Scenario2"/>
</testsuite> <!-- Maven_Selenium_Test -->
